have_func: checking for strlcpy() in string.h... -------------------- no

"gcc -o conftest -I/usr/local/include/ruby-1.9.1/x86_64-linux -I/usr/local/include/ruby-1.9.1/ruby/backward -I/usr/local/include/ruby-1.9.1 -I.    -I/usr/local/lib/include -g -O2 -Wall -Werror conftest.c  -L. -L/usr/local/lib -Wl,-R/usr/local/lib -L/usr/local/lib/lib -Wl,-R/usr/local/lib/lib -L.  -rdynamic -Wl,-export-dynamic -L/usr/local/lib/lib  -Wl,-R/usr/local/lib/lib      -Wl,-R -Wl,/usr/local/lib -L/usr/local/lib -lruby  -lpthread -lrt -ldl -lcrypt -lm   -lc"
checked program was:
/* begin */
1: #include "ruby.h"
2: 
3: int main() {return 0;}
/* end */

"gcc -o conftest -I/usr/local/include/ruby-1.9.1/x86_64-linux -I/usr/local/include/ruby-1.9.1/ruby/backward -I/usr/local/include/ruby-1.9.1 -I.    -I/usr/local/lib/include -g -O2 -Wall -Werror conftest.c  -L. -L/usr/local/lib -Wl,-R/usr/local/lib -L/usr/local/lib/lib -Wl,-R/usr/local/lib/lib -L.  -rdynamic -Wl,-export-dynamic -L/usr/local/lib/lib  -Wl,-R/usr/local/lib/lib      -Wl,-R -Wl,/usr/local/lib -L/usr/local/lib -lruby  -lpthread -lrt -ldl -lcrypt -lm   -lc"
conftest.c: In function ‘t’:
conftest.c:7:28: error: variable ‘p’ set but not used [-Werror=unused-but-set-variable]
cc1: all warnings being treated as errors
checked program was:
/* begin */
1: #include "ruby.h"
2: 
3: #include <string.h>
4: 
5: /*top*/
6: int main() {return 0;}
7: int t() { void ((*volatile p)()); p = (void ((*)()))strlcpy; return 0; }
/* end */

"gcc -o conftest -I/usr/local/include/ruby-1.9.1/x86_64-linux -I/usr/local/include/ruby-1.9.1/ruby/backward -I/usr/local/include/ruby-1.9.1 -I.    -I/usr/local/lib/include -g -O2 -Wall -Werror conftest.c  -L. -L/usr/local/lib -Wl,-R/usr/local/lib -L/usr/local/lib/lib -Wl,-R/usr/local/lib/lib -L.  -rdynamic -Wl,-export-dynamic -L/usr/local/lib/lib  -Wl,-R/usr/local/lib/lib      -Wl,-R -Wl,/usr/local/lib -L/usr/local/lib -lruby  -lpthread -lrt -ldl -lcrypt -lm   -lc"
conftest.c: In function ‘t’:
conftest.c:7:1: error: too few arguments to function ‘strlcpy’
In file included from /usr/local/include/ruby-1.9.1/ruby/ruby.h:1381:0,
                 from /usr/local/include/ruby-1.9.1/ruby.h:32,
                 from conftest.c:1:
/usr/local/include/ruby-1.9.1/ruby/missing.h:198:20: note: declared here
checked program was:
/* begin */
1: #include "ruby.h"
2: 
3: #include <string.h>
4: 
5: /*top*/
6: int main() {return 0;}
7: int t() { strlcpy(); return 0; }
/* end */

--------------------

