have_library: checking for socket() in -lsocket... -------------------- no

"gcc -o conftest -I/usr/local/include/ruby-1.9.1/x86_64-linux -I/usr/local/include/ruby-1.9.1/ruby/backward -I/usr/local/include/ruby-1.9.1 -I.    -I/usr/local/lib/include  -O3 -ggdb -Wall -Wextra -Wno-unused-parameter -Wno-parentheses -Wno-long-long -Wno-missing-field-initializers -Wpointer-arith -Wwrite-strings -Wdeclaration-after-statement -Wimplicit-function-declaration  -fPIC conftest.c  -L. -L/usr/local/lib -Wl,-R/usr/local/lib -L/usr/local/lib/lib -Wl,-R/usr/local/lib/lib -L/usr/local/lib -Wl,-R/usr/local/lib -L.  -rdynamic -Wl,-export-dynamic -L/usr/local/lib/lib  -Wl,-R/usr/local/lib/lib      -Wl,-R -Wl,/usr/local/lib -L/usr/local/lib -lruby  -lpthread -lrt -ldl -lcrypt -lm   -lc"
checked program was:
/* begin */
1: #include "ruby.h"
2: 
3: int main() {return 0;}
/* end */

"gcc -o conftest -I/usr/local/include/ruby-1.9.1/x86_64-linux -I/usr/local/include/ruby-1.9.1/ruby/backward -I/usr/local/include/ruby-1.9.1 -I.    -I/usr/local/lib/include  -O3 -ggdb -Wall -Wextra -Wno-unused-parameter -Wno-parentheses -Wno-long-long -Wno-missing-field-initializers -Wpointer-arith -Wwrite-strings -Wdeclaration-after-statement -Wimplicit-function-declaration  -fPIC conftest.c  -L. -L/usr/local/lib -Wl,-R/usr/local/lib -L/usr/local/lib/lib -Wl,-R/usr/local/lib/lib -L/usr/local/lib -Wl,-R/usr/local/lib -L.  -rdynamic -Wl,-export-dynamic -L/usr/local/lib/lib  -Wl,-R/usr/local/lib/lib      -Wl,-R -Wl,/usr/local/lib -L/usr/local/lib -lruby -lsocket  -lpthread -lrt -ldl -lcrypt -lm   -lc"
conftest.c: In function ‘t’:
conftest.c:5:53: error: ‘socket’ undeclared (first use in this function)
conftest.c:5:53: note: each undeclared identifier is reported only once for each function it appears in
conftest.c:5:28: warning: variable ‘p’ set but not used [-Wunused-but-set-variable]
checked program was:
/* begin */
1: #include "ruby.h"
2: 
3: /*top*/
4: int main() {return 0;}
5: int t() { void ((*volatile p)()); p = (void ((*)()))socket; return 0; }
/* end */

"gcc -o conftest -I/usr/local/include/ruby-1.9.1/x86_64-linux -I/usr/local/include/ruby-1.9.1/ruby/backward -I/usr/local/include/ruby-1.9.1 -I.    -I/usr/local/lib/include  -O3 -ggdb -Wall -Wextra -Wno-unused-parameter -Wno-parentheses -Wno-long-long -Wno-missing-field-initializers -Wpointer-arith -Wwrite-strings -Wdeclaration-after-statement -Wimplicit-function-declaration  -fPIC conftest.c  -L. -L/usr/local/lib -Wl,-R/usr/local/lib -L/usr/local/lib/lib -Wl,-R/usr/local/lib/lib -L/usr/local/lib -Wl,-R/usr/local/lib -L.  -rdynamic -Wl,-export-dynamic -L/usr/local/lib/lib  -Wl,-R/usr/local/lib/lib      -Wl,-R -Wl,/usr/local/lib -L/usr/local/lib -lruby -lsocket  -lpthread -lrt -ldl -lcrypt -lm   -lc"
conftest.c: In function ‘t’:
conftest.c:5:1: warning: implicit declaration of function ‘socket’ [-Wimplicit-function-declaration]
/usr/bin/ld: cannot find -lsocket
collect2: error: ld returned 1 exit status
checked program was:
/* begin */
1: #include "ruby.h"
2: 
3: /*top*/
4: int main() {return 0;}
5: int t() { socket(); return 0; }
/* end */

--------------------

have_library: checking for gethostbyname() in -lnsl... -------------------- yes

"gcc -o conftest -I/usr/local/include/ruby-1.9.1/x86_64-linux -I/usr/local/include/ruby-1.9.1/ruby/backward -I/usr/local/include/ruby-1.9.1 -I.    -I/usr/local/lib/include  -O3 -ggdb -Wall -Wextra -Wno-unused-parameter -Wno-parentheses -Wno-long-long -Wno-missing-field-initializers -Wpointer-arith -Wwrite-strings -Wdeclaration-after-statement -Wimplicit-function-declaration  -fPIC conftest.c  -L. -L/usr/local/lib -Wl,-R/usr/local/lib -L/usr/local/lib/lib -Wl,-R/usr/local/lib/lib -L/usr/local/lib -Wl,-R/usr/local/lib -L.  -rdynamic -Wl,-export-dynamic -L/usr/local/lib/lib  -Wl,-R/usr/local/lib/lib      -Wl,-R -Wl,/usr/local/lib -L/usr/local/lib -lruby -lnsl  -lpthread -lrt -ldl -lcrypt -lm   -lc"
conftest.c: In function ‘t’:
conftest.c:5:53: error: ‘gethostbyname’ undeclared (first use in this function)
conftest.c:5:53: note: each undeclared identifier is reported only once for each function it appears in
conftest.c:5:28: warning: variable ‘p’ set but not used [-Wunused-but-set-variable]
checked program was:
/* begin */
1: #include "ruby.h"
2: 
3: /*top*/
4: int main() {return 0;}
5: int t() { void ((*volatile p)()); p = (void ((*)()))gethostbyname; return 0; }
/* end */

"gcc -o conftest -I/usr/local/include/ruby-1.9.1/x86_64-linux -I/usr/local/include/ruby-1.9.1/ruby/backward -I/usr/local/include/ruby-1.9.1 -I.    -I/usr/local/lib/include  -O3 -ggdb -Wall -Wextra -Wno-unused-parameter -Wno-parentheses -Wno-long-long -Wno-missing-field-initializers -Wpointer-arith -Wwrite-strings -Wdeclaration-after-statement -Wimplicit-function-declaration  -fPIC conftest.c  -L. -L/usr/local/lib -Wl,-R/usr/local/lib -L/usr/local/lib/lib -Wl,-R/usr/local/lib/lib -L/usr/local/lib -Wl,-R/usr/local/lib -L.  -rdynamic -Wl,-export-dynamic -L/usr/local/lib/lib  -Wl,-R/usr/local/lib/lib      -Wl,-R -Wl,/usr/local/lib -L/usr/local/lib -lruby -lnsl  -lpthread -lrt -ldl -lcrypt -lm   -lc"
conftest.c: In function ‘t’:
conftest.c:5:1: warning: implicit declaration of function ‘gethostbyname’ [-Wimplicit-function-declaration]
checked program was:
/* begin */
1: #include "ruby.h"
2: 
3: /*top*/
4: int main() {return 0;}
5: int t() { gethostbyname(); return 0; }
/* end */

--------------------

have_library: checking for atan() in -lm... -------------------- no

"gcc -o conftest -I/usr/local/include/ruby-1.9.1/x86_64-linux -I/usr/local/include/ruby-1.9.1/ruby/backward -I/usr/local/include/ruby-1.9.1 -I.    -I/usr/local/lib/include  -O3 -ggdb -Wall -Wextra -Wno-unused-parameter -Wno-parentheses -Wno-long-long -Wno-missing-field-initializers -Wpointer-arith -Wwrite-strings -Wdeclaration-after-statement -Wimplicit-function-declaration  -fPIC conftest.c  -L. -L/usr/local/lib -Wl,-R/usr/local/lib -L/usr/local/lib/lib -Wl,-R/usr/local/lib/lib -L/usr/local/lib -Wl,-R/usr/local/lib -L.  -rdynamic -Wl,-export-dynamic -L/usr/local/lib/lib  -Wl,-R/usr/local/lib/lib     -lnsl  -Wl,-R -Wl,/usr/local/lib -L/usr/local/lib -lruby -lm -lnsl  -lpthread -lrt -ldl -lcrypt -lm   -lc"
conftest.c: In function ‘t’:
conftest.c:5:53: error: ‘atan’ undeclared (first use in this function)
conftest.c:5:53: note: each undeclared identifier is reported only once for each function it appears in
conftest.c:5:28: warning: variable ‘p’ set but not used [-Wunused-but-set-variable]
checked program was:
/* begin */
1: #include "ruby.h"
2: 
3: /*top*/
4: int main() {return 0;}
5: int t() { void ((*volatile p)()); p = (void ((*)()))atan; return 0; }
/* end */

"gcc -o conftest -I/usr/local/include/ruby-1.9.1/x86_64-linux -I/usr/local/include/ruby-1.9.1/ruby/backward -I/usr/local/include/ruby-1.9.1 -I.    -I/usr/local/lib/include  -O3 -ggdb -Wall -Wextra -Wno-unused-parameter -Wno-parentheses -Wno-long-long -Wno-missing-field-initializers -Wpointer-arith -Wwrite-strings -Wdeclaration-after-statement -Wimplicit-function-declaration  -fPIC conftest.c  -L. -L/usr/local/lib -Wl,-R/usr/local/lib -L/usr/local/lib/lib -Wl,-R/usr/local/lib/lib -L/usr/local/lib -Wl,-R/usr/local/lib -L.  -rdynamic -Wl,-export-dynamic -L/usr/local/lib/lib  -Wl,-R/usr/local/lib/lib     -lnsl  -Wl,-R -Wl,/usr/local/lib -L/usr/local/lib -lruby -lm -lnsl  -lpthread -lrt -ldl -lcrypt -lm   -lc"
conftest.c: In function ‘t’:
conftest.c:5:1: warning: implicit declaration of function ‘atan’ [-Wimplicit-function-declaration]
conftest.c:5:11: warning: incompatible implicit declaration of built-in function ‘atan’ [enabled by default]
conftest.c:5:1: error: too few arguments to function ‘atan’
checked program was:
/* begin */
1: #include "ruby.h"
2: 
3: /*top*/
4: int main() {return 0;}
5: int t() { atan(); return 0; }
/* end */

--------------------

have_library: checking for atan() in -lm... -------------------- yes

"gcc -o conftest -I/usr/local/include/ruby-1.9.1/x86_64-linux -I/usr/local/include/ruby-1.9.1/ruby/backward -I/usr/local/include/ruby-1.9.1 -I.    -I/usr/local/lib/include  -O3 -ggdb -Wall -Wextra -Wno-unused-parameter -Wno-parentheses -Wno-long-long -Wno-missing-field-initializers -Wpointer-arith -Wwrite-strings -Wdeclaration-after-statement -Wimplicit-function-declaration  -fPIC -fno-builtin conftest.c  -L. -L/usr/local/lib -Wl,-R/usr/local/lib -L/usr/local/lib/lib -Wl,-R/usr/local/lib/lib -L/usr/local/lib -Wl,-R/usr/local/lib -L.  -rdynamic -Wl,-export-dynamic -L/usr/local/lib/lib  -Wl,-R/usr/local/lib/lib     -lnsl  -Wl,-R -Wl,/usr/local/lib -L/usr/local/lib -lruby -lm -lnsl  -lpthread -lrt -ldl -lcrypt -lm   -lc"
conftest.c: In function ‘t’:
conftest.c:5:53: error: ‘atan’ undeclared (first use in this function)
conftest.c:5:53: note: each undeclared identifier is reported only once for each function it appears in
conftest.c:5:28: warning: variable ‘p’ set but not used [-Wunused-but-set-variable]
checked program was:
/* begin */
1: #include "ruby.h"
2: 
3: /*top*/
4: int main() {return 0;}
5: int t() { void ((*volatile p)()); p = (void ((*)()))atan; return 0; }
/* end */

"gcc -o conftest -I/usr/local/include/ruby-1.9.1/x86_64-linux -I/usr/local/include/ruby-1.9.1/ruby/backward -I/usr/local/include/ruby-1.9.1 -I.    -I/usr/local/lib/include  -O3 -ggdb -Wall -Wextra -Wno-unused-parameter -Wno-parentheses -Wno-long-long -Wno-missing-field-initializers -Wpointer-arith -Wwrite-strings -Wdeclaration-after-statement -Wimplicit-function-declaration  -fPIC -fno-builtin conftest.c  -L. -L/usr/local/lib -Wl,-R/usr/local/lib -L/usr/local/lib/lib -Wl,-R/usr/local/lib/lib -L/usr/local/lib -Wl,-R/usr/local/lib -L.  -rdynamic -Wl,-export-dynamic -L/usr/local/lib/lib  -Wl,-R/usr/local/lib/lib     -lnsl  -Wl,-R -Wl,/usr/local/lib -L/usr/local/lib -lruby -lm -lnsl  -lpthread -lrt -ldl -lcrypt -lm   -lc"
conftest.c: In function ‘t’:
conftest.c:5:1: warning: implicit declaration of function ‘atan’ [-Wimplicit-function-declaration]
checked program was:
/* begin */
1: #include "ruby.h"
2: 
3: /*top*/
4: int main() {return 0;}
5: int t() { atan(); return 0; }
/* end */

--------------------

have_library: checking for inflate() in -lz... -------------------- yes

"gcc -o conftest -I/usr/local/include/ruby-1.9.1/x86_64-linux -I/usr/local/include/ruby-1.9.1/ruby/backward -I/usr/local/include/ruby-1.9.1 -I.    -I/usr/local/lib/include  -O3 -ggdb -Wall -Wextra -Wno-unused-parameter -Wno-parentheses -Wno-long-long -Wno-missing-field-initializers -Wpointer-arith -Wwrite-strings -Wdeclaration-after-statement -Wimplicit-function-declaration  -fPIC conftest.c  -L. -L/usr/local/lib -Wl,-R/usr/local/lib -L/usr/local/lib/lib -Wl,-R/usr/local/lib/lib -L/usr/local/lib -Wl,-R/usr/local/lib -L.  -rdynamic -Wl,-export-dynamic -L/usr/local/lib/lib  -Wl,-R/usr/local/lib/lib     -lm -lnsl  -Wl,-R -Wl,/usr/local/lib -L/usr/local/lib -lruby -lz -lm -lnsl  -lpthread -lrt -ldl -lcrypt -lm   -lc"
conftest.c: In function ‘t’:
conftest.c:5:53: error: ‘inflate’ undeclared (first use in this function)
conftest.c:5:53: note: each undeclared identifier is reported only once for each function it appears in
conftest.c:5:28: warning: variable ‘p’ set but not used [-Wunused-but-set-variable]
checked program was:
/* begin */
1: #include "ruby.h"
2: 
3: /*top*/
4: int main() {return 0;}
5: int t() { void ((*volatile p)()); p = (void ((*)()))inflate; return 0; }
/* end */

"gcc -o conftest -I/usr/local/include/ruby-1.9.1/x86_64-linux -I/usr/local/include/ruby-1.9.1/ruby/backward -I/usr/local/include/ruby-1.9.1 -I.    -I/usr/local/lib/include  -O3 -ggdb -Wall -Wextra -Wno-unused-parameter -Wno-parentheses -Wno-long-long -Wno-missing-field-initializers -Wpointer-arith -Wwrite-strings -Wdeclaration-after-statement -Wimplicit-function-declaration  -fPIC conftest.c  -L. -L/usr/local/lib -Wl,-R/usr/local/lib -L/usr/local/lib/lib -Wl,-R/usr/local/lib/lib -L/usr/local/lib -Wl,-R/usr/local/lib -L.  -rdynamic -Wl,-export-dynamic -L/usr/local/lib/lib  -Wl,-R/usr/local/lib/lib     -lm -lnsl  -Wl,-R -Wl,/usr/local/lib -L/usr/local/lib -lruby -lz -lm -lnsl  -lpthread -lrt -ldl -lcrypt -lm   -lc"
conftest.c: In function ‘t’:
conftest.c:5:1: warning: implicit declaration of function ‘inflate’ [-Wimplicit-function-declaration]
checked program was:
/* begin */
1: #include "ruby.h"
2: 
3: /*top*/
4: int main() {return 0;}
5: int t() { inflate(); return 0; }
/* end */

--------------------

have_library: checking for iconv_open() in -liconv... -------------------- no

"gcc -o conftest -I/usr/local/include/ruby-1.9.1/x86_64-linux -I/usr/local/include/ruby-1.9.1/ruby/backward -I/usr/local/include/ruby-1.9.1 -I.    -I/usr/local/lib/include  -O3 -ggdb -Wall -Wextra -Wno-unused-parameter -Wno-parentheses -Wno-long-long -Wno-missing-field-initializers -Wpointer-arith -Wwrite-strings -Wdeclaration-after-statement -Wimplicit-function-declaration  -fPIC conftest.c  -L. -L/usr/local/lib -Wl,-R/usr/local/lib -L/usr/local/lib/lib -Wl,-R/usr/local/lib/lib -L/usr/local/lib -Wl,-R/usr/local/lib -L.  -rdynamic -Wl,-export-dynamic -L/usr/local/lib/lib  -Wl,-R/usr/local/lib/lib     -lz -lm -lnsl  -Wl,-R -Wl,/usr/local/lib -L/usr/local/lib -lruby -liconv -lz -lm -lnsl  -lpthread -lrt -ldl -lcrypt -lm   -lc"
conftest.c: In function ‘t’:
conftest.c:5:53: error: ‘iconv_open’ undeclared (first use in this function)
conftest.c:5:53: note: each undeclared identifier is reported only once for each function it appears in
conftest.c:5:28: warning: variable ‘p’ set but not used [-Wunused-but-set-variable]
checked program was:
/* begin */
1: #include "ruby.h"
2: 
3: /*top*/
4: int main() {return 0;}
5: int t() { void ((*volatile p)()); p = (void ((*)()))iconv_open; return 0; }
/* end */

"gcc -o conftest -I/usr/local/include/ruby-1.9.1/x86_64-linux -I/usr/local/include/ruby-1.9.1/ruby/backward -I/usr/local/include/ruby-1.9.1 -I.    -I/usr/local/lib/include  -O3 -ggdb -Wall -Wextra -Wno-unused-parameter -Wno-parentheses -Wno-long-long -Wno-missing-field-initializers -Wpointer-arith -Wwrite-strings -Wdeclaration-after-statement -Wimplicit-function-declaration  -fPIC conftest.c  -L. -L/usr/local/lib -Wl,-R/usr/local/lib -L/usr/local/lib/lib -Wl,-R/usr/local/lib/lib -L/usr/local/lib -Wl,-R/usr/local/lib -L.  -rdynamic -Wl,-export-dynamic -L/usr/local/lib/lib  -Wl,-R/usr/local/lib/lib     -lz -lm -lnsl  -Wl,-R -Wl,/usr/local/lib -L/usr/local/lib -lruby -liconv -lz -lm -lnsl  -lpthread -lrt -ldl -lcrypt -lm   -lc"
conftest.c: In function ‘t’:
conftest.c:5:1: warning: implicit declaration of function ‘iconv_open’ [-Wimplicit-function-declaration]
/usr/bin/ld: cannot find -liconv
collect2: error: ld returned 1 exit status
checked program was:
/* begin */
1: #include "ruby.h"
2: 
3: /*top*/
4: int main() {return 0;}
5: int t() { iconv_open(); return 0; }
/* end */

--------------------

have_library: checking for libiconv_open() in -liconv... -------------------- no

"gcc -o conftest -I/usr/local/include/ruby-1.9.1/x86_64-linux -I/usr/local/include/ruby-1.9.1/ruby/backward -I/usr/local/include/ruby-1.9.1 -I.    -I/usr/local/lib/include  -O3 -ggdb -Wall -Wextra -Wno-unused-parameter -Wno-parentheses -Wno-long-long -Wno-missing-field-initializers -Wpointer-arith -Wwrite-strings -Wdeclaration-after-statement -Wimplicit-function-declaration  -fPIC conftest.c  -L. -L/usr/local/lib -Wl,-R/usr/local/lib -L/usr/local/lib/lib -Wl,-R/usr/local/lib/lib -L/usr/local/lib -Wl,-R/usr/local/lib -L.  -rdynamic -Wl,-export-dynamic -L/usr/local/lib/lib  -Wl,-R/usr/local/lib/lib     -lz -lm -lnsl  -Wl,-R -Wl,/usr/local/lib -L/usr/local/lib -lruby -liconv -lz -lm -lnsl  -lpthread -lrt -ldl -lcrypt -lm   -lc"
conftest.c: In function ‘t’:
conftest.c:5:53: error: ‘libiconv_open’ undeclared (first use in this function)
conftest.c:5:53: note: each undeclared identifier is reported only once for each function it appears in
conftest.c:5:28: warning: variable ‘p’ set but not used [-Wunused-but-set-variable]
checked program was:
/* begin */
1: #include "ruby.h"
2: 
3: /*top*/
4: int main() {return 0;}
5: int t() { void ((*volatile p)()); p = (void ((*)()))libiconv_open; return 0; }
/* end */

"gcc -o conftest -I/usr/local/include/ruby-1.9.1/x86_64-linux -I/usr/local/include/ruby-1.9.1/ruby/backward -I/usr/local/include/ruby-1.9.1 -I.    -I/usr/local/lib/include  -O3 -ggdb -Wall -Wextra -Wno-unused-parameter -Wno-parentheses -Wno-long-long -Wno-missing-field-initializers -Wpointer-arith -Wwrite-strings -Wdeclaration-after-statement -Wimplicit-function-declaration  -fPIC conftest.c  -L. -L/usr/local/lib -Wl,-R/usr/local/lib -L/usr/local/lib/lib -Wl,-R/usr/local/lib/lib -L/usr/local/lib -Wl,-R/usr/local/lib -L.  -rdynamic -Wl,-export-dynamic -L/usr/local/lib/lib  -Wl,-R/usr/local/lib/lib     -lz -lm -lnsl  -Wl,-R -Wl,/usr/local/lib -L/usr/local/lib -lruby -liconv -lz -lm -lnsl  -lpthread -lrt -ldl -lcrypt -lm   -lc"
conftest.c: In function ‘t’:
conftest.c:5:1: warning: implicit declaration of function ‘libiconv_open’ [-Wimplicit-function-declaration]
/usr/bin/ld: cannot find -liconv
collect2: error: ld returned 1 exit status
checked program was:
/* begin */
1: #include "ruby.h"
2: 
3: /*top*/
4: int main() {return 0;}
5: int t() { libiconv_open(); return 0; }
/* end */

--------------------

have_library: checking for libiconv_open() in -llibiconv... -------------------- no

"gcc -o conftest -I/usr/local/include/ruby-1.9.1/x86_64-linux -I/usr/local/include/ruby-1.9.1/ruby/backward -I/usr/local/include/ruby-1.9.1 -I.    -I/usr/local/lib/include  -O3 -ggdb -Wall -Wextra -Wno-unused-parameter -Wno-parentheses -Wno-long-long -Wno-missing-field-initializers -Wpointer-arith -Wwrite-strings -Wdeclaration-after-statement -Wimplicit-function-declaration  -fPIC conftest.c  -L. -L/usr/local/lib -Wl,-R/usr/local/lib -L/usr/local/lib/lib -Wl,-R/usr/local/lib/lib -L/usr/local/lib -Wl,-R/usr/local/lib -L.  -rdynamic -Wl,-export-dynamic -L/usr/local/lib/lib  -Wl,-R/usr/local/lib/lib     -lz -lm -lnsl  -Wl,-R -Wl,/usr/local/lib -L/usr/local/lib -lruby -llibiconv -lz -lm -lnsl  -lpthread -lrt -ldl -lcrypt -lm   -lc"
conftest.c: In function ‘t’:
conftest.c:5:53: error: ‘libiconv_open’ undeclared (first use in this function)
conftest.c:5:53: note: each undeclared identifier is reported only once for each function it appears in
conftest.c:5:28: warning: variable ‘p’ set but not used [-Wunused-but-set-variable]
checked program was:
/* begin */
1: #include "ruby.h"
2: 
3: /*top*/
4: int main() {return 0;}
5: int t() { void ((*volatile p)()); p = (void ((*)()))libiconv_open; return 0; }
/* end */

"gcc -o conftest -I/usr/local/include/ruby-1.9.1/x86_64-linux -I/usr/local/include/ruby-1.9.1/ruby/backward -I/usr/local/include/ruby-1.9.1 -I.    -I/usr/local/lib/include  -O3 -ggdb -Wall -Wextra -Wno-unused-parameter -Wno-parentheses -Wno-long-long -Wno-missing-field-initializers -Wpointer-arith -Wwrite-strings -Wdeclaration-after-statement -Wimplicit-function-declaration  -fPIC conftest.c  -L. -L/usr/local/lib -Wl,-R/usr/local/lib -L/usr/local/lib/lib -Wl,-R/usr/local/lib/lib -L/usr/local/lib -Wl,-R/usr/local/lib -L.  -rdynamic -Wl,-export-dynamic -L/usr/local/lib/lib  -Wl,-R/usr/local/lib/lib     -lz -lm -lnsl  -Wl,-R -Wl,/usr/local/lib -L/usr/local/lib -lruby -llibiconv -lz -lm -lnsl  -lpthread -lrt -ldl -lcrypt -lm   -lc"
conftest.c: In function ‘t’:
conftest.c:5:1: warning: implicit declaration of function ‘libiconv_open’ [-Wimplicit-function-declaration]
/usr/bin/ld: cannot find -llibiconv
collect2: error: ld returned 1 exit status
checked program was:
/* begin */
1: #include "ruby.h"
2: 
3: /*top*/
4: int main() {return 0;}
5: int t() { libiconv_open(); return 0; }
/* end */

--------------------

have_library: checking for iconv_open() in -llibiconv... -------------------- no

"gcc -o conftest -I/usr/local/include/ruby-1.9.1/x86_64-linux -I/usr/local/include/ruby-1.9.1/ruby/backward -I/usr/local/include/ruby-1.9.1 -I.    -I/usr/local/lib/include  -O3 -ggdb -Wall -Wextra -Wno-unused-parameter -Wno-parentheses -Wno-long-long -Wno-missing-field-initializers -Wpointer-arith -Wwrite-strings -Wdeclaration-after-statement -Wimplicit-function-declaration  -fPIC conftest.c  -L. -L/usr/local/lib -Wl,-R/usr/local/lib -L/usr/local/lib/lib -Wl,-R/usr/local/lib/lib -L/usr/local/lib -Wl,-R/usr/local/lib -L.  -rdynamic -Wl,-export-dynamic -L/usr/local/lib/lib  -Wl,-R/usr/local/lib/lib     -lz -lm -lnsl  -Wl,-R -Wl,/usr/local/lib -L/usr/local/lib -lruby -llibiconv -lz -lm -lnsl  -lpthread -lrt -ldl -lcrypt -lm   -lc"
conftest.c: In function ‘t’:
conftest.c:5:53: error: ‘iconv_open’ undeclared (first use in this function)
conftest.c:5:53: note: each undeclared identifier is reported only once for each function it appears in
conftest.c:5:28: warning: variable ‘p’ set but not used [-Wunused-but-set-variable]
checked program was:
/* begin */
1: #include "ruby.h"
2: 
3: /*top*/
4: int main() {return 0;}
5: int t() { void ((*volatile p)()); p = (void ((*)()))iconv_open; return 0; }
/* end */

"gcc -o conftest -I/usr/local/include/ruby-1.9.1/x86_64-linux -I/usr/local/include/ruby-1.9.1/ruby/backward -I/usr/local/include/ruby-1.9.1 -I.    -I/usr/local/lib/include  -O3 -ggdb -Wall -Wextra -Wno-unused-parameter -Wno-parentheses -Wno-long-long -Wno-missing-field-initializers -Wpointer-arith -Wwrite-strings -Wdeclaration-after-statement -Wimplicit-function-declaration  -fPIC conftest.c  -L. -L/usr/local/lib -Wl,-R/usr/local/lib -L/usr/local/lib/lib -Wl,-R/usr/local/lib/lib -L/usr/local/lib -Wl,-R/usr/local/lib -L.  -rdynamic -Wl,-export-dynamic -L/usr/local/lib/lib  -Wl,-R/usr/local/lib/lib     -lz -lm -lnsl  -Wl,-R -Wl,/usr/local/lib -L/usr/local/lib -lruby -llibiconv -lz -lm -lnsl  -lpthread -lrt -ldl -lcrypt -lm   -lc"
conftest.c: In function ‘t’:
conftest.c:5:1: warning: implicit declaration of function ‘iconv_open’ [-Wimplicit-function-declaration]
/usr/bin/ld: cannot find -llibiconv
collect2: error: ld returned 1 exit status
checked program was:
/* begin */
1: #include "ruby.h"
2: 
3: /*top*/
4: int main() {return 0;}
5: int t() { iconv_open(); return 0; }
/* end */

--------------------

have_library: checking for iconv_open() in -lc... -------------------- yes

"gcc -o conftest -I/usr/local/include/ruby-1.9.1/x86_64-linux -I/usr/local/include/ruby-1.9.1/ruby/backward -I/usr/local/include/ruby-1.9.1 -I.    -I/usr/local/lib/include  -O3 -ggdb -Wall -Wextra -Wno-unused-parameter -Wno-parentheses -Wno-long-long -Wno-missing-field-initializers -Wpointer-arith -Wwrite-strings -Wdeclaration-after-statement -Wimplicit-function-declaration  -fPIC conftest.c  -L. -L/usr/local/lib -Wl,-R/usr/local/lib -L/usr/local/lib/lib -Wl,-R/usr/local/lib/lib -L/usr/local/lib -Wl,-R/usr/local/lib -L.  -rdynamic -Wl,-export-dynamic -L/usr/local/lib/lib  -Wl,-R/usr/local/lib/lib     -lz -lm -lnsl  -Wl,-R -Wl,/usr/local/lib -L/usr/local/lib -lruby -lc -lz -lm -lnsl  -lpthread -lrt -ldl -lcrypt -lm   -lc"
conftest.c: In function ‘t’:
conftest.c:5:53: error: ‘iconv_open’ undeclared (first use in this function)
conftest.c:5:53: note: each undeclared identifier is reported only once for each function it appears in
conftest.c:5:28: warning: variable ‘p’ set but not used [-Wunused-but-set-variable]
checked program was:
/* begin */
1: #include "ruby.h"
2: 
3: /*top*/
4: int main() {return 0;}
5: int t() { void ((*volatile p)()); p = (void ((*)()))iconv_open; return 0; }
/* end */

"gcc -o conftest -I/usr/local/include/ruby-1.9.1/x86_64-linux -I/usr/local/include/ruby-1.9.1/ruby/backward -I/usr/local/include/ruby-1.9.1 -I.    -I/usr/local/lib/include  -O3 -ggdb -Wall -Wextra -Wno-unused-parameter -Wno-parentheses -Wno-long-long -Wno-missing-field-initializers -Wpointer-arith -Wwrite-strings -Wdeclaration-after-statement -Wimplicit-function-declaration  -fPIC conftest.c  -L. -L/usr/local/lib -Wl,-R/usr/local/lib -L/usr/local/lib/lib -Wl,-R/usr/local/lib/lib -L/usr/local/lib -Wl,-R/usr/local/lib -L.  -rdynamic -Wl,-export-dynamic -L/usr/local/lib/lib  -Wl,-R/usr/local/lib/lib     -lz -lm -lnsl  -Wl,-R -Wl,/usr/local/lib -L/usr/local/lib -lruby -lc -lz -lm -lnsl  -lpthread -lrt -ldl -lcrypt -lm   -lc"
conftest.c: In function ‘t’:
conftest.c:5:1: warning: implicit declaration of function ‘iconv_open’ [-Wimplicit-function-declaration]
checked program was:
/* begin */
1: #include "ruby.h"
2: 
3: /*top*/
4: int main() {return 0;}
5: int t() { iconv_open(); return 0; }
/* end */

--------------------

have_library: checking for xmlParseDoc() in -lxml2... -------------------- yes

"gcc -o conftest -I/usr/local/include/ruby-1.9.1/x86_64-linux -I/usr/local/include/ruby-1.9.1/ruby/backward -I/usr/local/include/ruby-1.9.1 -I.    -I/usr/local/lib/include  -O3 -ggdb -Wall -Wextra -Wno-unused-parameter -Wno-parentheses -Wno-long-long -Wno-missing-field-initializers -Wpointer-arith -Wwrite-strings -Wdeclaration-after-statement -Wimplicit-function-declaration  -fPIC conftest.c  -L. -L/usr/local/lib -Wl,-R/usr/local/lib -L/usr/local/lib/lib -Wl,-R/usr/local/lib/lib -L/usr/local/lib -Wl,-R/usr/local/lib -L.  -rdynamic -Wl,-export-dynamic -L/usr/local/lib/lib  -Wl,-R/usr/local/lib/lib     -lc -lz -lm -lnsl  -Wl,-R -Wl,/usr/local/lib -L/usr/local/lib -lruby -lxml2 -lc -lz -lm -lnsl  -lpthread -lrt -ldl -lcrypt -lm   -lc"
conftest.c: In function ‘t’:
conftest.c:5:53: error: ‘xmlParseDoc’ undeclared (first use in this function)
conftest.c:5:53: note: each undeclared identifier is reported only once for each function it appears in
conftest.c:5:28: warning: variable ‘p’ set but not used [-Wunused-but-set-variable]
checked program was:
/* begin */
1: #include "ruby.h"
2: 
3: /*top*/
4: int main() {return 0;}
5: int t() { void ((*volatile p)()); p = (void ((*)()))xmlParseDoc; return 0; }
/* end */

"gcc -o conftest -I/usr/local/include/ruby-1.9.1/x86_64-linux -I/usr/local/include/ruby-1.9.1/ruby/backward -I/usr/local/include/ruby-1.9.1 -I.    -I/usr/local/lib/include  -O3 -ggdb -Wall -Wextra -Wno-unused-parameter -Wno-parentheses -Wno-long-long -Wno-missing-field-initializers -Wpointer-arith -Wwrite-strings -Wdeclaration-after-statement -Wimplicit-function-declaration  -fPIC conftest.c  -L. -L/usr/local/lib -Wl,-R/usr/local/lib -L/usr/local/lib/lib -Wl,-R/usr/local/lib/lib -L/usr/local/lib -Wl,-R/usr/local/lib -L.  -rdynamic -Wl,-export-dynamic -L/usr/local/lib/lib  -Wl,-R/usr/local/lib/lib     -lc -lz -lm -lnsl  -Wl,-R -Wl,/usr/local/lib -L/usr/local/lib -lruby -lxml2 -lc -lz -lm -lnsl  -lpthread -lrt -ldl -lcrypt -lm   -lc"
conftest.c: In function ‘t’:
conftest.c:5:1: warning: implicit declaration of function ‘xmlParseDoc’ [-Wimplicit-function-declaration]
checked program was:
/* begin */
1: #include "ruby.h"
2: 
3: /*top*/
4: int main() {return 0;}
5: int t() { xmlParseDoc(); return 0; }
/* end */

--------------------

have_header: checking for libxml/xmlversion.h... -------------------- no

"gcc -E -I/usr/local/include/ruby-1.9.1/x86_64-linux -I/usr/local/include/ruby-1.9.1/ruby/backward -I/usr/local/include/ruby-1.9.1 -I.    -I/usr/local/lib/include  -O3 -ggdb -Wall -Wextra -Wno-unused-parameter -Wno-parentheses -Wno-long-long -Wno-missing-field-initializers -Wpointer-arith -Wwrite-strings -Wdeclaration-after-statement -Wimplicit-function-declaration  -fPIC  conftest.c -o conftest.i"
conftest.c:3:31: fatal error: libxml/xmlversion.h: No such file or directory
compilation terminated.
checked program was:
/* begin */
1: #include "ruby.h"
2: 
3: #include <libxml/xmlversion.h>
/* end */

--------------------

find_header: checking for libxml/xmlversion.h in /opt/include/libxml2,/usr/local/include/libxml2,/usr/include/libxml2... -------------------- yes

"gcc -E -I/usr/local/include/ruby-1.9.1/x86_64-linux -I/usr/local/include/ruby-1.9.1/ruby/backward -I/usr/local/include/ruby-1.9.1 -I.    -I/usr/local/lib/include  -O3 -ggdb -Wall -Wextra -Wno-unused-parameter -Wno-parentheses -Wno-long-long -Wno-missing-field-initializers -Wpointer-arith -Wwrite-strings -Wdeclaration-after-statement -Wimplicit-function-declaration  -fPIC  conftest.c -o conftest.i"
conftest.c:3:31: fatal error: libxml/xmlversion.h: No such file or directory
compilation terminated.
checked program was:
/* begin */
1: #include "ruby.h"
2: 
3: #include <libxml/xmlversion.h>
/* end */

"gcc -E -I/usr/local/include/ruby-1.9.1/x86_64-linux -I/usr/local/include/ruby-1.9.1/ruby/backward -I/usr/local/include/ruby-1.9.1 -I.    -I/usr/local/lib/include  -O3 -ggdb -Wall -Wextra -Wno-unused-parameter -Wno-parentheses -Wno-long-long -Wno-missing-field-initializers -Wpointer-arith -Wwrite-strings -Wdeclaration-after-statement -Wimplicit-function-declaration  -fPIC -I/opt/include/libxml2 conftest.c -o conftest.i"
conftest.c:3:31: fatal error: libxml/xmlversion.h: No such file or directory
compilation terminated.
checked program was:
/* begin */
1: #include "ruby.h"
2: 
3: #include <libxml/xmlversion.h>
/* end */

"gcc -E -I/usr/local/include/ruby-1.9.1/x86_64-linux -I/usr/local/include/ruby-1.9.1/ruby/backward -I/usr/local/include/ruby-1.9.1 -I.    -I/usr/local/lib/include  -O3 -ggdb -Wall -Wextra -Wno-unused-parameter -Wno-parentheses -Wno-long-long -Wno-missing-field-initializers -Wpointer-arith -Wwrite-strings -Wdeclaration-after-statement -Wimplicit-function-declaration  -fPIC -I/usr/local/include/libxml2 conftest.c -o conftest.i"
conftest.c:3:31: fatal error: libxml/xmlversion.h: No such file or directory
compilation terminated.
checked program was:
/* begin */
1: #include "ruby.h"
2: 
3: #include <libxml/xmlversion.h>
/* end */

"gcc -E -I/usr/local/include/ruby-1.9.1/x86_64-linux -I/usr/local/include/ruby-1.9.1/ruby/backward -I/usr/local/include/ruby-1.9.1 -I.    -I/usr/local/lib/include  -O3 -ggdb -Wall -Wextra -Wno-unused-parameter -Wno-parentheses -Wno-long-long -Wno-missing-field-initializers -Wpointer-arith -Wwrite-strings -Wdeclaration-after-statement -Wimplicit-function-declaration  -fPIC -I/usr/include/libxml2 conftest.c -o conftest.i"
checked program was:
/* begin */
1: #include "ruby.h"
2: 
3: #include <libxml/xmlversion.h>
/* end */

--------------------

have_func: checking for rb_io_bufwrite() in ruby/io.h... -------------------- yes

"gcc -o conftest -I/usr/local/include/ruby-1.9.1/x86_64-linux -I/usr/local/include/ruby-1.9.1/ruby/backward -I/usr/local/include/ruby-1.9.1 -I. -I/usr/include/libxml2    -I/usr/local/lib/include  -O3 -ggdb -Wall -Wextra -Wno-unused-parameter -Wno-parentheses -Wno-long-long -Wno-missing-field-initializers -Wpointer-arith -Wwrite-strings -Wdeclaration-after-statement -Wimplicit-function-declaration  -fPIC conftest.c  -L. -L/usr/local/lib -Wl,-R/usr/local/lib -L/usr/local/lib/lib -Wl,-R/usr/local/lib/lib -L/usr/local/lib -Wl,-R/usr/local/lib -L.  -rdynamic -Wl,-export-dynamic -L/usr/local/lib/lib  -Wl,-R/usr/local/lib/lib     -lxml2 -lc -lz -lm -lnsl  -Wl,-R -Wl,/usr/local/lib -L/usr/local/lib -lruby -lxml2 -lc -lz -lm -lnsl  -lpthread -lrt -ldl -lcrypt -lm   -lc"
conftest.c: In function ‘t’:
conftest.c:7:28: warning: variable ‘p’ set but not used [-Wunused-but-set-variable]
checked program was:
/* begin */
1: #include "ruby.h"
2: 
3: #include <ruby/io.h>
4: 
5: /*top*/
6: int main() {return 0;}
7: int t() { void ((*volatile p)()); p = (void ((*)()))rb_io_bufwrite; return 0; }
/* end */

--------------------

extconf.h is:
/* begin */
1: #ifndef EXTCONF_H
2: #define EXTCONF_H
3: #define HAVE_ZLIB_H 1
4: #define HAVE_RB_IO_BUFWRITE 1
5: #endif
/* end */

